<?xml version="1.0" encoding="UTF-8"?>
<testsuite name="com.biztracker.domain.EntryNoteCodecTest" tests="3" skipped="0" failures="0" errors="0" timestamp="2026-03-03T01:21:09" hostname="shahn-MacBook-Pro.local" time="0.003">
  <properties/>
  <testcase name="split_withNewFormat_returnsPaymentAndMemo[jvm]" classname="com.biztracker.domain.EntryNoteCodecTest" time="0.002"/>
  <testcase name="split_withPlainMemo_usesDefaultPayment[jvm]" classname="com.biztracker.domain.EntryNoteCodecTest" time="0.001"/>
  <testcase name="merge_buildsExpectedFormat[jvm]" classname="com.biztracker.domain.EntryNoteCodecTest" time="0.0"/>
  <system-out><![CDATA[]]></system-out>
  <system-err><![CDATA[]]></system-err>
</testsuite>
